<?xml version="1.0" encoding="UTF-8"?>
<!-- Generated by org.testng.reporters.JUnitReportReporter -->
<testsuite hostname="DESKTOP-U3LRL5Q" failures="0" tests="4" name="TestFrame.GenericScript1" time="0.014" errors="0" timestamp="2023-05-15T15:34:23 IST" skipped="0">
  <testcase classname="TestFrame.GenericScript1" name="date2" time="0.010"/>
  <system-out>
    <![CDATA[2]]>
  </system-out>
  <testcase classname="TestFrame.GenericScript1" name="date1" time="0.002"/>
  <system-out>
    <![CDATA[1]]>
  </system-out>
  <testcase classname="TestFrame.GenericScript1" name="date1" time="0.001"/>
  <system-out>
    <![CDATA[1]]>
  </system-out>
  <testcase classname="TestFrame.GenericScript1" name="date1" time="0.001"/>
  <system-out>
    <![CDATA[1]]>
  </system-out>
</testsuite> <!-- TestFrame.GenericScript1 -->
