<?xml version="1.0" encoding="UTF-8"?>
<!-- Generated by org.testng.reporters.JUnitReportReporter -->
<testsuite hostname="DESKTOP-U3LRL5Q" failures="0" tests="1" name="TestFrame.RunnerClass" time="13.192" errors="0" timestamp="2023-05-19T14:42:08 IST" skipped="0">
  <testcase classname="TestFrame.RunnerClass" name="validlogin" time="13.192"/>
  <system-out/>
</testsuite> <!-- TestFrame.RunnerClass -->
