<?xml version="1.0" encoding="UTF-8"?>
<!-- Generated by org.testng.reporters.JUnitReportReporter -->
<testsuite hostname="DESKTOP-U3LRL5Q" failures="0" tests="1" name="Tc.TestScript3" time="15.192" errors="0" timestamp="2023-05-19T16:02:46 IST" skipped="0">
  <testcase classname="Tc.TestScript3" name="Login" time="15.192"/>
  <system-out/>
</testsuite> <!-- Tc.TestScript3 -->
