<?xml version="1.0" encoding="UTF-8"?>
<!-- Generated by org.testng.reporters.JUnitReportReporter -->
<testsuite hostname="DESKTOP-U3LRL5Q" failures="0" tests="2" name="TestFrame.GenericScript2" time="0.011" errors="0" timestamp="2023-05-15T15:35:58 IST" skipped="1">
  <testcase classname="TestFrame.GenericScript2" name="date2" time="0.011"/>
  <system-out>
    <![CDATA[2]]>
  </system-out>
  <testcase classname="TestFrame.GenericScript2" name="date1">
    <skipped/>
  </testcase> <!-- date1 -->
  <system-out/>
</testsuite> <!-- TestFrame.GenericScript2 -->
