<?xml version="1.0" encoding="UTF-8"?>
<!-- Generated by org.testng.reporters.JUnitReportReporter -->
<testsuite hostname="DESKTOP-U3LRL5Q" failures="0" tests="1" name="qsp.Data1" time="0.011" errors="0" timestamp="2023-05-20T12:25:37 IST" skipped="0">
  <testcase classname="qsp.Data1" name="test1" time="0.011"/>
  <system-out/>
</testsuite> <!-- qsp.Data1 -->
