<?xml version="1.0" encoding="UTF-8"?>
<!-- Generated by org.testng.reporters.JUnitReportReporter -->
<testsuite hostname="DESKTOP-U3LRL5Q" failures="0" tests="1" name="TestFrame.Testscript6" time="4.363" errors="0" timestamp="2023-05-16T15:39:25 IST" skipped="0">
  <testcase classname="TestFrame.Testscript6" name="validLogin" time="4.363"/>
  <system-out/>
</testsuite> <!-- TestFrame.Testscript6 -->
