<?xml version="1.0" encoding="UTF-8"?>
<!-- Generated by org.testng.reporters.JUnitReportReporter -->
<testsuite hostname="DESKTOP-U3LRL5Q" failures="0" tests="1" name="Tc.TestScript2" time="13.627" errors="0" timestamp="2023-05-19T16:01:19 IST" skipped="0">
  <testcase classname="Tc.TestScript2" name="Login" time="13.627"/>
  <system-out/>
</testsuite> <!-- Tc.TestScript2 -->
