<?xml version="1.0" encoding="UTF-8"?>
<!-- Generated by org.testng.reporters.JUnitReportReporter -->
<testsuite hostname="DESKTOP-U3LRL5Q" failures="0" tests="1" name="TestFrame.POMRunner" time="6.156" errors="0" timestamp="2023-05-17T18:16:09 IST" skipped="0">
  <testcase classname="TestFrame.POMRunner" name="validlogin" time="6.156"/>
  <system-out/>
</testsuite> <!-- TestFrame.POMRunner -->
