<?xml version="1.0" encoding="UTF-8"?>
<!-- Generated by org.testng.reporters.JUnitReportReporter -->
<testsuite hostname="DESKTOP-U3LRL5Q" failures="0" tests="1" name="TestFrame.Testscript4" time="6.506" errors="0" timestamp="2023-05-15T16:08:25 IST" skipped="0">
  <testcase classname="TestFrame.Testscript4" name="validLogin" time="6.506"/>
  <system-out/>
</testsuite> <!-- TestFrame.Testscript4 -->
