<?xml version="1.0" encoding="UTF-8"?>
<!-- Generated by org.testng.reporters.JUnitReportReporter -->
<testsuite hostname="DESKTOP-U3LRL5Q" failures="0" tests="1" name="TestFrame.POMRunner1" time="6.532" errors="0" timestamp="2023-05-17T23:10:32 IST" skipped="0">
  <testcase classname="TestFrame.POMRunner1" name="validlogin" time="6.532"/>
  <system-out/>
</testsuite> <!-- TestFrame.POMRunner1 -->
