<?xml version="1.0" encoding="UTF-8"?>
<!-- Generated by org.testng.reporters.JUnitReportReporter -->
<testsuite hostname="DESKTOP-U3LRL5Q" failures="0" tests="2" name="qsp.ParallelExecution" time="9.129" errors="0" timestamp="2023-05-20T12:54:48 IST" skipped="0">
  <testcase classname="qsp.ParallelExecution" name="test1" time="5.492"/>
  <system-out/>
  <testcase classname="qsp.ParallelExecution" name="test1" time="3.637"/>
  <system-out/>
</testsuite> <!-- qsp.ParallelExecution -->
