<?xml version="1.0" encoding="UTF-8"?>
<!-- Generated by org.testng.reporters.JUnitReportReporter -->
<testsuite hostname="DESKTOP-U3LRL5Q" failures="0" tests="1" name="TestFrame.Testscript9" time="0.008" errors="0" timestamp="2023-05-19T15:31:22 IST" skipped="0">
  <testcase classname="TestFrame.Testscript9" name="test11" time="0.008"/>
  <system-out/>
</testsuite> <!-- TestFrame.Testscript9 -->
