<?xml version="1.0" encoding="UTF-8"?>
<!-- Generated by org.testng.reporters.JUnitReportReporter -->
<testsuite hostname="DESKTOP-U3LRL5Q" failures="0" tests="1" name="TestFrame.Test2" time="0.009" errors="0" timestamp="2023-05-19T15:19:20 IST" skipped="0">
  <testcase classname="TestFrame.Test2" name="date3" time="0.009"/>
  <system-out>
    <![CDATA[3]]>
  </system-out>
</testsuite> <!-- TestFrame.Test2 -->
