<?xml version="1.0" encoding="UTF-8"?>
<!-- Generated by org.testng.reporters.JUnitReportReporter -->
<testsuite hostname="DESKTOP-U3LRL5Q" failures="0" tests="2" name="TestFrame.Test1" time="0.003" errors="0" timestamp="2023-05-19T15:19:20 IST" skipped="0">
  <testcase classname="TestFrame.Test1" name="date1" time="0.001"/>
  <system-out>
    <![CDATA[1]]>
  </system-out>
  <testcase classname="TestFrame.Test1" name="date2" time="0.002"/>
  <system-out>
    <![CDATA[2]]>
  </system-out>
</testsuite> <!-- TestFrame.Test1 -->
