<?xml version="1.0" encoding="UTF-8"?>
<!-- Generated by org.testng.reporters.JUnitReportReporter -->
<testsuite hostname="DESKTOP-U3LRL5Q" failures="0" tests="2" name="TestFrame.GenericScript" time="0.013" errors="0" timestamp="2023-05-15T15:31:23 IST" skipped="0">
  <testcase classname="TestFrame.GenericScript" name="date2" time="0.012"/>
  <system-out>
    <![CDATA[2]]>
  </system-out>
  <testcase classname="TestFrame.GenericScript" name="date1" time="0.001"/>
  <system-out>
    <![CDATA[1]]>
  </system-out>
</testsuite> <!-- TestFrame.GenericScript -->
