<?xml version="1.0" encoding="UTF-8"?>
<!-- Generated by org.testng.reporters.JUnitReportReporter -->
<testsuite hostname="DESKTOP-U3LRL5Q" failures="0" tests="1" name="Tc.TestScript1" time="8.457" errors="0" timestamp="2023-05-19T16:07:10 IST" skipped="0">
  <testcase classname="Tc.TestScript1" name="Login" time="8.457"/>
  <system-out/>
</testsuite> <!-- Tc.TestScript1 -->
